current directory: C:/Users/shika/portfolio/vender/bundle/ruby/2.6.0/gems/puma-3.12.1/ext/puma_http11
C:/Ruby26-x64/bin/ruby.exe -I C:/Ruby26-x64/lib/ruby/site_ruby/2.6.0 -r ./siteconf20191102-7440-1mvlw78.rb extconf.rb
checking for BIO_read() in -lcrypto... no
checking for BIO_read() in -llibeay32... no
creating Makefile

current directory: C:/Users/shika/portfolio/vender/bundle/ruby/2.6.0/gems/puma-3.12.1/ext/puma_http11
make "DESTDIR=" clean
bash.exe: warning: could not find /tmp, please create!

current directory: C:/Users/shika/portfolio/vender/bundle/ruby/2.6.0/gems/puma-3.12.1/ext/puma_http11
make "DESTDIR="
generating puma_http11-x64-mingw32.def
bash.exe: warning: could not find /tmp, please create!
compiling http11_parser.c
compiling io_buffer.c
compiling mini_ssl.c
compiling puma_http11.c
linking shared-object puma/puma_http11.so

current directory: C:/Users/shika/portfolio/vender/bundle/ruby/2.6.0/gems/puma-3.12.1/ext/puma_http11
make "DESTDIR=" install
bash.exe: warning: could not find /tmp, please create!
/usr/bin/install -c -m 0755 puma_http11.so ./.gem.20191102-7440-pmhdf3/puma
